2024-01-03 17:58:55 - Chargement des paramètres depuis le fichier de configuration.
2024-01-03 17:58:55 - Affichage de la boîte de dialogue pour sélectionner le dossier : Sélectionnez le dossier source des fichiers .7z
2024-01-03 17:59:32 - Affichage de la boîte de dialogue pour sélectionner le dossier : Sélectionnez le dossier source des fichiers .7z
2024-01-03 17:59:50 - Selection du dossier par l'utilisateur invalide
2024-01-03 18:00:00 - Affichage de la boîte de dialogue pour sélectionner le dossier : Sélectionnez le dossier source des fichiers .7z
2024-01-03 18:00:18 - Affichage de la boîte de dialogue pour sélectionner le dossier : Sélectionnez le dossier source des fichiers .7z
2024-01-03 18:00:46 - Chargement des paramètres depuis le fichier de configuration.
2024-01-03 18:00:46 - Affichage de la boîte de dialogue pour sélectionner le dossier : Sélectionnez le dossier source des fichiers .7z
2024-01-03 18:01:07 - Affichage de la boîte de dialogue pour sélectionner le dossier : Sélectionnez le dossier source des fichiers .7z
2024-01-03 18:01:44 - Affichage de la boîte de dialogue pour sélectionner le dossier : Sélectionnez le dossier source des fichiers .7z
2024-01-03 18:04:34 - Chargement des paramètres depuis le fichier de configuration.
2024-01-03 18:04:34 - Affichage de la boîte de dialogue pour sélectionner le dossier : Sélectionnez le dossier source des fichiers .7z
2024-01-03 18:04:48 - Affichage de la boîte de dialogue pour sélectionner le dossier : Sélectionnez le dossier de decompression
2024-01-03 18:05:04 - Affichage de la boîte de dialogue pour sélectionner le dossier : Sélectionnez le dossier de stockage .chd
2024-01-03 18:05:30 - Affichage de la boîte de dialogue pour sélectionner le dossier : Sélectionnez le dossier de recompression
2024-01-03 18:05:43 - Enregistrement des paramètres dans le fichier de configuration.
2024-01-03 18:05:43 - Recherche du chemin d'installation de 7-Zip.
2024-01-03 18:05:43 - 7-Zip a bien été trouvé sur la machine.
2024-01-03 18:07:41 - Chargement des paramètres depuis le fichier de configuration.
2024-01-03 18:07:41 - Affichage de la boîte de dialogue pour sélectionner le dossier : Sélectionnez le dossier source des fichiers .7z
2024-01-03 18:09:21 - Affichage de la boîte de dialogue pour sélectionner le dossier : Sélectionnez le dossier de decompression
2024-01-03 18:10:51 - Affichage de la boîte de dialogue pour sélectionner le dossier : Sélectionnez le dossier de stockage .chd
2024-01-03 18:11:01 - Affichage de la boîte de dialogue pour sélectionner le dossier : Sélectionnez le dossier de recompression
2024-01-03 18:11:23 - Enregistrement des paramètres dans le fichier de configuration.
2024-01-03 18:11:23 - Recherche du chemin d'installation de 7-Zip.
2024-01-03 18:11:23 - 7-Zip a bien été trouvé sur la machine.
2024-01-03 18:12:11 - Chargement des paramètres depuis le fichier de configuration.
2024-01-03 18:12:11 - Affichage de la boîte de dialogue pour sélectionner le dossier : Sélectionnez le dossier source des fichiers .7z
2024-01-03 18:12:36 - Affichage de la boîte de dialogue pour sélectionner le dossier : Sélectionnez le dossier de decompression
2024-01-03 18:12:54 - Affichage de la boîte de dialogue pour sélectionner le dossier : Sélectionnez le dossier de stockage .chd
2024-01-03 18:13:02 - Affichage de la boîte de dialogue pour sélectionner le dossier : Sélectionnez le dossier de recompression
2024-01-03 18:17:18 - Enregistrement des paramètres dans le fichier de configuration.
2024-01-03 18:26:34 - Chargement des paramètres depuis le fichier de configuration.
2024-01-03 18:26:34 - Affichage de la boîte de dialogue pour sélectionner le dossier : Sélectionnez le dossier source des fichiers .7z
2024-01-03 18:27:42 - Affichage de la boîte de dialogue pour sélectionner le dossier : Sélectionnez le dossier de decompression
2024-01-03 18:27:51 - Affichage de la boîte de dialogue pour sélectionner le dossier : Sélectionnez le dossier de stockage .chd
2024-01-03 18:28:01 - Affichage de la boîte de dialogue pour sélectionner le dossier : Sélectionnez le dossier de recompression
2024-01-03 18:29:58 - Chargement des paramètres depuis le fichier de configuration.
2024-01-03 18:29:58 - Affichage de la boîte de dialogue pour sélectionner le dossier : Sélectionnez le dossier source des fichiers .7z
2024-01-03 18:30:05 - Affichage de la boîte de dialogue pour sélectionner le dossier : Sélectionnez le dossier de decompression
2024-01-03 18:30:13 - Affichage de la boîte de dialogue pour sélectionner le dossier : Sélectionnez le dossier de stockage .chd
2024-01-03 18:30:19 - Affichage de la boîte de dialogue pour sélectionner le dossier : Sélectionnez le dossier de recompression
2024-01-03 18:30:39 - Enregistrement des paramètres dans le fichier de configuration.
2024-01-03 18:30:39 - Recherche du chemin d'installation de 7-Zip.
2024-01-03 18:30:39 - 7-Zip a bien été trouvé sur la machine.
